<?xml version="1.0" encoding="UTF-8"?>
<!-- Generated by org.testng.reporters.JUnitXMLReporter -->
<testsuite hostname="DESKTOP-N116C5V" name="Test" tests="3" failures="1" timestamp="23 Oct 2019 17:37:06 GMT" time="0.123" errors="0">
  <testcase name="onFail" time="0.033" classname="com.test.extent.Report2">
    <failure type="java.lang.AssertionError" message="null">
      <![CDATA[java.lang.AssertionError: null
	at com.test.extent.Report2.onFail(Report2.java:16)
... Removed 26 stack frames]]>
    </failure>
  </testcase> <!-- onFail -->
  <testcase name="onPass" time="0.006" classname="com.test.extent.Report2"/>
  <testcase name="onSkip" time="0.002" classname="com.test.extent.Report2">
    <skipped/>
  </testcase> <!-- onSkip -->
</testsuite> <!-- Test -->
